************************************************************
OPT++ version 2.4
Job run at Tue May 22 17:02:24 2012

************************************************************

		Nonlinear LBFGS with m = 15
  Iter      F(x)      ||grad||    ||step||       gtp      fevals  

    0         1710        239.7            0            0      0
    1         1256        67.66        3.251        -2757      5
    2         1221         53.8        1.016       -5.576      6
    3         1199        29.57       0.8579       -2.911      7
    4         1185        30.04        1.234     -0.08202      9
    5         1169        18.91        1.274       -5.678     12
    6         1152        22.11        2.158       -8.481     13
    7         1143        30.25        1.919      0.06955     16
    8         1134        20.62        1.312       -6.165     17
    9         1122        15.85        1.868       -5.281     18
   10         1115        13.85        1.336       -3.489     19
   11         1102        15.78        3.816       -1.957     23
   12         1093        16.67        3.221      -0.4667     24
   13         1088        9.932        2.377        -2.27     25
   14         1083        10.64        3.369      -0.7202     29
   15         1079        7.691        2.965       -2.281     32
   16         1075         7.27        4.122       -1.317     35
   17         1073        6.261        2.666      -0.5502     36
   18         1071        5.555        1.806       -1.102     39
   19         1068        6.766         4.07       -1.038     40
   20         1068        5.018       0.6626       -2.226     43
   21         1066        4.852        1.573      -0.5873     44
   22         1065         5.48         2.04      -0.8937     45
   23         1064        6.273        2.369     0.001834     48
   24         1063        3.333        1.027      -0.3181     49
   25         1063        4.338       0.9787      -0.1724     50
   26         1062        3.885         1.42     -0.09031     51
   27         1062        3.437        2.095     -0.08466     55
   28         1061        2.441       0.9255      -0.3257     56
   29         1061        2.269        1.379      -0.3082     57
   30         1060        2.988       0.9691      -0.4768     59
   31         1060        3.004        2.793      -0.3395     60
   32         1059        3.838        4.062      -0.2954     61
   33         1059        2.572         1.98      -0.7001     63
   34         1058        1.647        2.974      -0.1657     64
   35         1058        2.794        1.517     -0.03009     65
   36         1057        2.206        1.368      -0.1772     68
   37         1057         3.88         1.61    0.0001393     71
   38         1057        1.876        1.435     -0.06924     72
   39         1057        1.915        1.004     -0.06742     75
   40         1057        3.795        1.952     -0.08505     76
   41         1056        3.027         1.84      -0.1112     77
   42         1056         3.64        2.357      -0.0626     81
   43         1056        4.331        1.537   -4.888e-05     84
   44         1055        3.168        2.311     -0.07282     88
   45         1054        2.745        3.832     -0.06474     92
   46         1054        3.185        2.124      -0.1489     93
   47         1054        2.667         2.49     0.002174     94
   48         1053        2.248       0.4934     -0.04142     98
   49         1053        1.542         1.81      -0.1136     99
   50         1053         1.24       0.1624      -0.1787    101
checkConvg: gnorm =        1.019  gtol =        1.053
   51         1053        1.019       0.3607     0.001411    102


=========  Solution from LBFGS: More and Thuente's linesearch  ===========

Optimization method       = Limited Memory BFGS method
Dimension of the problem  = 5763
Return code               = 3 (Gradient tolerance test passed)
No. iterations taken      = 51
No. function evaluations  = 102
No. gradient evaluations  = 102
Function Value            = 1052.89
Norm of gradient          = 1.01917


==========  Tolerances  ===========

Machine Epsilon      = 2.22045e-16
Maximum Step         = 1000
Minimum Step         = 1.49012e-08
Maximum Iter         = 100
Maximum Backtracks   = 10
Maximum Fcn Eval     = 1000
Step Tolerance       = 1.49012e-08
Function Tolerance   = 1.49012e-08
Constraint Tolerance = 1.49012e-08
Gradient Tolerance   = 0.001
LineSearch Tolerance = 0.0001
